03:02:2024 22:49 | FFka | URL=/create
03:02:2024 22:49 | FFka | URL=/post/dc5497a4-4298-4766-8171-1e60b1a79306
03:02:2024 22:50 | FFka | URL=/token/logout
03:02:2024 22:50 | FFka | URL=/token/logout
03:02:2024 22:50 | FFka | URL=/token/logout
03:02:2024 22:50 | FFka | URL=/token/logout
03:02:2024 22:50 | FFka | URL=/token/logout
03:02:2024 22:52 | FFka | URL=/
03:02:2024 22:52 | AnonymousUser | URL=/accounts/logout/
03:02:2024 22:52 | AnonymousUser | URL=/accounts/logout/
03:02:2024 22:52 | AnonymousUser | URL=/user/FFka/posts
03:02:2024 22:52 | AnonymousUser | URL=/
03:02:2024 22:52 | AnonymousUser | URL=/accounts/register
03:02:2024 22:54 | AnonymousUser | URL=/accounts/register
03:02:2024 22:57 | AnonymousUser | URL=/accounts/register
03:02:2024 22:59 | AnonymousUser | URL=/
03:02:2024 22:59 | AnonymousUser | URL=/create
03:02:2024 22:59 | AnonymousUser | URL=/accounts/login/?next=/create
03:02:2024 22:59 | AnonymousUser | URL=/post/41c27cf2-cad5-4f52-be89-4dedf4cc4bf9
03:02:2024 23:08 | AnonymousUser | URL=/accounts/register
03:02:2024 23:09 | AnonymousUser | URL=/accounts/register
03:02:2024 23:09 | AnonymousUser | URL=/
03:02:2024 23:09 | AnonymousUser | URL=/history
03:02:2024 23:09 | AnonymousUser | URL=/
03:02:2024 23:09 | AnonymousUser | URL=/post/925cdb7d-93f8-4652-93ff-de62b956198b
03:02:2024 23:09 | AnonymousUser | URL=/history
03:02:2024 23:10 | AnonymousUser | URL=/
03:02:2024 23:10 | AnonymousUser | URL=/accounts/login/
03:02:2024 23:10 | AnonymousUser | URL=/accounts/login/
03:02:2024 23:10 | AnonymousUser | URL=/accounts/login/
03:02:2024 23:10 | AnonymousUser | URL=/
03:02:2024 23:10 | AnonymousUser | URL=/
03:02:2024 23:12 | AnonymousUser | URL=/accounts/register
03:02:2024 23:12 | AnonymousUser | URL=/accounts/register
03:02:2024 23:20 | AnonymousUser | URL=/accounts/register
03:02:2024 23:20 | AnonymousUser | URL=/accounts/register
03:02:2024 23:20 | AnonymousUser | URL=/accounts/register
03:02:2024 23:26 | AnonymousUser | URL=/accounts/register
03:02:2024 23:31 | AnonymousUser | URL=/accounts/register
03:02:2024 23:32 | AnonymousUser | URL=/accounts/register
03:02:2024 23:32 | AnonymousUser | URL=/accounts/register
03:02:2024 23:32 | AnonymousUser | URL=/accounts/register
04:02:2024 14:00 | AnonymousUser | URL=/
04:02:2024 14:00 | AnonymousUser | URL=/favicon.ico
04:02:2024 14:00 | AnonymousUser | URL=/accounts/login/
04:02:2024 14:00 | AnonymousUser | URL=/accounts/register
04:02:2024 14:00 | AnonymousUser | URL=/accounts/register
04:02:2024 14:06 | AnonymousUser | URL=/accounts/register
04:02:2024 14:06 | AnonymousUser | URL=/accounts/login/
04:02:2024 14:07 | 123312tgg | URL=/accounts/login/
04:02:2024 14:07 | 123312tgg | URL=/accounts/profile/
04:02:2024 14:07 | 123312tgg | URL=/accounts/login/
04:02:2024 14:07 | 123312tgg | URL=/
04:02:2024 14:07 | 123312tgg | URL=/create
04:02:2024 14:35 | 123312tgg | URL=/accounts/login/
04:02:2024 14:35 | AnonymousUser | URL=/accounts/logout/
04:02:2024 14:35 | AnonymousUser | URL=/user/123312tgg/posts
04:02:2024 14:35 | AnonymousUser | URL=/user/123312tgg/posts
04:02:2024 14:35 | AnonymousUser | URL=/register/
04:02:2024 14:37 | AnonymousUser | URL=/register/
04:02:2024 14:37 | AnonymousUser | URL=/register/
04:02:2024 14:37 | AnonymousUser | URL=/
04:02:2024 14:37 | AnonymousUser | URL=/register/
04:02:2024 14:37 | AnonymousUser | URL=/accounts/login/
04:02:2024 14:37 | AnonymousUser | URL=/register/
04:02:2024 14:38 | AnonymousUser | URL=/register/
04:02:2024 14:39 | AnonymousUser | URL=/register/
04:02:2024 14:40 | AnonymousUser | URL=/register/
04:02:2024 14:41 | AnonymousUser | URL=/
04:02:2024 14:41 | AnonymousUser | URL=/accounts/login/
04:02:2024 14:41 | AnonymousUser | URL=/accounts/login/
04:02:2024 14:41 | AnonymousUser | URL=/
04:02:2024 14:41 | AnonymousUser | URL=/reset/
04:02:2024 14:44 | AnonymousUser | URL=/reset/
04:02:2024 14:46 | AnonymousUser | URL=/
04:02:2024 14:47 | AnonymousUser | URL=/register/
04:02:2024 14:47 | AnonymousUser | URL=/register/
04:02:2024 14:47 | AnonymousUser | URL=/register/
04:02:2024 14:47 | AnonymousUser | URL=/register/
04:02:2024 14:47 | AnonymousUser | URL=/register/
04:02:2024 14:47 | AnonymousUser | URL=/register/
04:02:2024 14:47 | AnonymousUser | URL=/register/
04:02:2024 14:49 | AnonymousUser | URL=/reset/
04:02:2024 14:49 | AnonymousUser | URL=/register/
04:02:2024 14:49 | AnonymousUser | URL=/register/
04:02:2024 14:54 | AnonymousUser | URL=/
04:02:2024 14:55 | AnonymousUser | URL=/register/
04:02:2024 14:55 | AnonymousUser | URL=/register/
04:02:2024 14:55 | AnonymousUser | URL=/register/
04:02:2024 14:56 | AnonymousUser | URL=/register/
04:02:2024 14:56 | AnonymousUser | URL=/reset/
07:02:2024 15:46 | AnonymousUser | URL=/
07:02:2024 15:46 | AnonymousUser | URL=/favicon.ico
07:02:2024 15:46 | AnonymousUser | URL=/register/
07:02:2024 15:46 | AnonymousUser | URL=/register/
11:02:2024 11:09 | AnonymousUser | URL=/
11:02:2024 11:09 | AnonymousUser | URL=/favicon.ico
11:02:2024 11:09 | AnonymousUser | URL=/accounts/login/
11:02:2024 11:10 | AnonymousUser | URL=/reset/
11:02:2024 11:10 | AnonymousUser | URL=/accounts/login/
11:02:2024 11:11 | AnonymousUser | URL=/
11:02:2024 11:11 | AnonymousUser | URL=/accounts/login/
11:02:2024 11:11 | AnonymousUser | URL=/reset/
11:02:2024 11:11 | AnonymousUser | URL=/accounts/login/
11:02:2024 11:12 | AnonymousUser | URL=/reset/
11:02:2024 11:12 | AnonymousUser | URL=/accounts/login/
11:02:2024 11:33 | AnonymousUser | URL=/reset/
11:02:2024 11:35 | AnonymousUser | URL=/accounts/login/
11:02:2024 11:35 | AnonymousUser | URL=/register/
11:02:2024 11:35 | AnonymousUser | URL=/register/
11:02:2024 11:35 | AnonymousUser | URL=/register/
11:02:2024 11:35 | AnonymousUser | URL=/register/
11:02:2024 11:37 | AnonymousUser | URL=/register/
11:02:2024 11:37 | AnonymousUser | URL=/reset/
11:02:2024 11:37 | AnonymousUser | URL=/reset/
11:02:2024 11:41 | AnonymousUser | URL=/
11:02:2024 11:41 | AnonymousUser | URL=/accounts/login/
11:02:2024 11:41 | AnonymousUser | URL=/reset/
11:02:2024 11:45 | AnonymousUser | URL=/reset/
11:02:2024 11:45 | AnonymousUser | URL=/reset/
11:02:2024 11:46 | AnonymousUser | URL=/reset/
11:02:2024 11:46 | AnonymousUser | URL=/accounts/login/
11:02:2024 19:52 | AnonymousUser | URL=/
11:02:2024 19:52 | AnonymousUser | URL=/favicon.ico
11:02:2024 19:52 | AnonymousUser | URL=/accounts/login/
11:02:2024 19:52 | AnonymousUser | URL=/reset/
11:02:2024 19:52 | AnonymousUser | URL=/reset/
11:02:2024 19:54 | AnonymousUser | URL=/reset/
11:02:2024 19:54 | AnonymousUser | URL=/reset/
11:02:2024 19:56 | AnonymousUser | URL=/reset/
11:02:2024 19:59 | AnonymousUser | URL=/reset/
11:02:2024 19:59 | AnonymousUser | URL=/reset/
11:02:2024 20:04 | AnonymousUser | URL=/reset/
11:02:2024 20:04 | AnonymousUser | URL=/reset/
11:02:2024 20:05 | AnonymousUser | URL=/reset/
11:02:2024 20:06 | AnonymousUser | URL=/reset/
11:02:2024 20:06 | AnonymousUser | URL=/reset/
11:02:2024 20:06 | AnonymousUser | URL=/reset/
11:02:2024 20:08 | AnonymousUser | URL=/reset/
11:02:2024 20:08 | AnonymousUser | URL=/accounts/login/
11:02:2024 20:08 | AnonymousUser | URL=/reset/
11:02:2024 20:08 | AnonymousUser | URL=/accounts/login/
11:02:2024 20:09 | AnonymousUser | URL=/accounts/login/
11:02:2024 20:09 | AnonymousUser | URL=/accounts/login/
11:02:2024 20:10 | AnonymousUser | URL=/accounts/login/
11:02:2024 20:10 | AnonymousUser | URL=/accounts/login/
11:02:2024 20:10 | AnonymousUser | URL=/accounts/login/
11:02:2024 20:10 | AnonymousUser | URL=/
11:02:2024 20:10 | AnonymousUser | URL=/accounts/login/
11:02:2024 20:11 | AnonymousUser | URL=/accounts/login/
11:02:2024 20:11 | AnonymousUser | URL=/accounts/login/
11:02:2024 20:13 | AnonymousUser | URL=/accounts/login/
11:02:2024 20:13 | AnonymousUser | URL=/reset/
11:02:2024 20:13 | AnonymousUser | URL=/reset/
11:02:2024 20:13 | AnonymousUser | URL=/accounts/login/
11:02:2024 20:13 | AnonymousUser | URL=/accounts/login/
11:02:2024 20:13 | AnonymousUser | URL=/
11:02:2024 20:13 | AnonymousUser | URL=/accounts/login/
11:02:2024 20:13 | AnonymousUser | URL=/accounts/login/
11:02:2024 20:13 | roman123 | URL=/accounts/login/
11:02:2024 20:13 | roman123 | URL=/accounts/profile/
11:02:2024 20:14 | roman123 | URL=/accounts/login/
11:02:2024 20:14 | AnonymousUser | URL=/accounts/logout/
11:02:2024 20:14 | AnonymousUser | URL=/accounts/login/
11:02:2024 20:14 | AnonymousUser | URL=/register/
11:02:2024 20:14 | AnonymousUser | URL=/accounts/login/
11:02:2024 20:14 | AnonymousUser | URL=/
11:02:2024 20:48 | AnonymousUser | URL=/
11:02:2024 20:48 | AnonymousUser | URL=/post/dc5497a4-4298-4766-8171-1e60b1a79306
11:02:2024 20:48 | AnonymousUser | URL=/accounts/login/
11:02:2024 20:48 | AnonymousUser | URL=/reset/
11:02:2024 20:48 | AnonymousUser | URL=/reset/
11:02:2024 20:49 | AnonymousUser | URL=/reset/
11:02:2024 20:49 | AnonymousUser | URL=/accounts/login/
11:02:2024 21:03 | AnonymousUser | URL=/reset/
11:02:2024 21:03 | AnonymousUser | URL=/reset/
11:02:2024 21:03 | AnonymousUser | URL=/accounts/login/
11:02:2024 21:04 | AnonymousUser | URL=/reset/confirm/cm9tYW5za3VyYXRvdmljaDA4QGdtYWlsLmNvbQ/c293u9-12eaad0b6a3c1d9795ca73e8a2c6e769
11:02:2024 21:14 | AnonymousUser | URL=/reset/
11:02:2024 21:14 | AnonymousUser | URL=/reset/
11:02:2024 21:14 | AnonymousUser | URL=/accounts/login/
11:02:2024 21:14 | AnonymousUser | URL=/reset/confirm/cm9tYW5za3VyYXRvdmljaDA4QGdtYWlsLmNvbQ/c294bp-6d950b827e47ab2664a8f34814308c7a
11:02:2024 21:15 | AnonymousUser | URL=/reset/
11:02:2024 21:15 | AnonymousUser | URL=/reset/
11:02:2024 21:15 | AnonymousUser | URL=/accounts/login/
11:02:2024 21:15 | AnonymousUser | URL=/reset/confirm/cm9tYW5za3VyYXRvdmljaDA4QGdtYWlsLmNvbQ/c294dq-6f1d449587632870bd3c170196bcf692
11:02:2024 21:17 | AnonymousUser | URL=/reset/confirm/cm9tYW5za3VyYXRvdmljaDA4QGdtYWlsLmNvbQ/c294dq-6f1d449587632870bd3c170196bcf692
11:02:2024 21:18 | AnonymousUser | URL=/reset/
11:02:2024 21:18 | AnonymousUser | URL=/reset/
11:02:2024 21:18 | AnonymousUser | URL=/accounts/login/
11:02:2024 21:18 | AnonymousUser | URL=/reset/confirm/cm9tYW4xMjM/c294i6-f88ff4fbdb97eef9a45eabe11c55335c
11:02:2024 21:20 | AnonymousUser | URL=/reset/
11:02:2024 21:20 | AnonymousUser | URL=/accounts/login/
11:02:2024 21:20 | roman123 | URL=/accounts/login/
11:02:2024 21:20 | roman123 | URL=/accounts/profile/
11:02:2024 21:20 | roman123 | URL=/accounts/login/
11:02:2024 21:20 | roman123 | URL=/accounts/login/
11:02:2024 21:20 | roman123 | URL=/
11:02:2024 21:28 | AnonymousUser | URL=/accounts/logout/
11:02:2024 21:28 | AnonymousUser | URL=/user/roman123/posts
11:02:2024 21:28 | AnonymousUser | URL=/accounts/login/
11:02:2024 21:28 | AnonymousUser | URL=/reset/
11:02:2024 21:28 | AnonymousUser | URL=/reset/
11:02:2024 21:28 | AnonymousUser | URL=/accounts/login/
11:02:2024 21:28 | AnonymousUser | URL=/reset/confirm/cm9tYW4xMjM/c294zq-94c4f25e2c0323fde211535000a3e2ce
11:02:2024 21:33 | AnonymousUser | URL=/reset/confirm/cm9tYW4xMjM/c294zq-94c4f25e2c0323fde211535000a3e2ce
11:02:2024 21:35 | AnonymousUser | URL=/reset/
11:02:2024 21:35 | AnonymousUser | URL=/reset/
11:02:2024 21:35 | AnonymousUser | URL=/accounts/login/
11:02:2024 21:35 | AnonymousUser | URL=/reset/confirm/cm9tYW4xMjM/c295bo-d6b7c043eae538aec55b1d646f31ec40
11:02:2024 21:41 | AnonymousUser | URL=/reset/confirm/cm9tYW4xMjM/c295bo-d6b7c043eae538aec55b1d646f31ec40
11:02:2024 21:41 | AnonymousUser | URL=/reset/confirm/cm9tYW4xMjM/c295bo-d6b7c043eae538aec55b1d646f31ec40
11:02:2024 21:42 | AnonymousUser | URL=/reset/confirm/cm9tYW4xMjM/c295bo-d6b7c043eae538aec55b1d646f31ec40
11:02:2024 21:42 | AnonymousUser | URL=/reset/
11:02:2024 21:42 | AnonymousUser | URL=/reset/
11:02:2024 21:42 | AnonymousUser | URL=/accounts/login/
11:02:2024 21:42 | AnonymousUser | URL=/reset/confirm/cm9tYW4xMjM/c295bo-d6b7c043eae538aec55b1d646f31ec40
11:02:2024 21:50 | AnonymousUser | URL=/reset/confirm/cm9tYW4xMjM/c295bo-d6b7c043eae538aec55b1d646f31ec40
11:02:2024 21:50 | AnonymousUser | URL=/reset/
11:02:2024 21:50 | AnonymousUser | URL=/reset/
11:02:2024 21:50 | AnonymousUser | URL=/accounts/login/
11:02:2024 21:50 | AnonymousUser | URL=/reset/confirm/cm9tYW4xMjM/c295zz-5d21278bcc6d82b5ca2dce8db8aef54f
11:02:2024 21:55 | AnonymousUser | URL=/reset/
11:02:2024 21:55 | AnonymousUser | URL=/reset/
11:02:2024 21:55 | AnonymousUser | URL=/accounts/login/
11:02:2024 21:55 | AnonymousUser | URL=/reset/confirm/cm9tYW4xMjM/c2968o-b74182d946aa6c452611b8a91485b036
11:02:2024 22:04 | AnonymousUser | URL=/reset/
11:02:2024 22:04 | AnonymousUser | URL=/reset/
11:02:2024 22:04 | AnonymousUser | URL=/accounts/login/
11:02:2024 22:04 | AnonymousUser | URL=/reset/confirm/cm9tYW4xMjM/c296n2-b08d81d6eda291145fc58b1e5d2e5ce9
11:02:2024 22:06 | AnonymousUser | URL=/reset/
11:02:2024 22:06 | AnonymousUser | URL=/reset/
11:02:2024 22:06 | AnonymousUser | URL=/accounts/login/
11:02:2024 22:06 | AnonymousUser | URL=/reset/confirm/cm9tYW4xMjM/c296qp-c2b40c67e0a33692f3fbfd63e3eed790
11:02:2024 22:07 | AnonymousUser | URL=/reset/confirm/cm9tYW4xMjM/c296qp-c2b40c67e0a33692f3fbfd63e3eed790
11:02:2024 22:07 | AnonymousUser | URL=/accounts/login/
11:02:2024 22:07 | roman123 | URL=/accounts/login/
11:02:2024 22:07 | roman123 | URL=/accounts/profile/
11:02:2024 22:07 | roman123 | URL=/accounts/login/
11:02:2024 22:07 | roman123 | URL=/
11:02:2024 22:09 | roman123 | URL=/reset/confirm/cm9tYW4xMjM/c296qp-c2b40c67e0a33692f3fbfd63e3eed790
11:02:2024 22:09 | roman123 | URL=/user/roman123/posts
11:02:2024 22:09 | AnonymousUser | URL=/accounts/logout/
11:02:2024 22:09 | AnonymousUser | URL=/user/roman123/posts
11:02:2024 22:09 | AnonymousUser | URL=/accounts/login/
11:02:2024 22:09 | AnonymousUser | URL=/reset/
11:02:2024 22:09 | AnonymousUser | URL=/reset/
11:02:2024 22:09 | AnonymousUser | URL=/accounts/login/
11:02:2024 22:09 | AnonymousUser | URL=/reset/confirm/cm9tYW4xMjM/c296qp-c2b40c67e0a33692f3fbfd63e3eed790
11:02:2024 22:09 | AnonymousUser | URL=/reset/confirm/cm9tYW4xMjM/c296vn-6a229c49b4a36dde08faf387d012983f
13:02:2024 17:09 | AnonymousUser | URL=/
13:02:2024 17:09 | AnonymousUser | URL=/favicon.ico
13:02:2024 17:17 | AnonymousUser | URL=/
13:02:2024 17:17 | AnonymousUser | URL=/post/dc5497a4-4298-4766-8171-1e60b1a79306
13:02:2024 17:17 | AnonymousUser | URL=/create
13:02:2024 17:17 | AnonymousUser | URL=/accounts/login/?next=/create
